<?xml version="1.0" encoding="UTF-8" ?>
<testsuite errors="0" failures="0" hostname="BarrysLenovoPC" name="com.javapowertools.taxcalculator.TaxCalculatorTest" skipped="0" tests="10" time="0.311" timestamp="2020-10-20T12:48:28">
  <properties>
    <property name="java.vendor" value="Oracle Corporation" />
    <property name="lib.dir" value="C:\Users\BARRY\Workspaces\eclipse 2020-03 Workspace\AntOReilly\lib" />
    <property name="sun.java.launcher" value="SUN_STANDARD" />
    <property name="eclipse.pdebuild.templates" value="C:\Users\BARRY\eclipse\java-2020-03\eclipse\..\..\..\.p2\pool\plugins\org.eclipse.pde.build_3.10.700.v20191228-1214\templates" />
    <property name="sun.management.compiler" value="HotSpot 64-Bit Tiered Compilers" />
    <property name="os.name" value="Windows 8.1" />
    <property name="sun.boot.class.path" value="C:\Program Files\Java\jdk1.8.0_231\jre\lib\resources.jar;C:\Program Files\Java\jdk1.8.0_231\jre\lib\rt.jar;C:\Program Files\Java\jdk1.8.0_231\jre\lib\sunrsasign.jar;C:\Program Files\Java\jdk1.8.0_231\jre\lib\jsse.jar;C:\Program Files\Java\jdk1.8.0_231\jre\lib\jce.jar;C:\Program Files\Java\jdk1.8.0_231\jre\lib\charsets.jar;C:\Program Files\Java\jdk1.8.0_231\jre\lib\jfr.jar;C:\Program Files\Java\jdk1.8.0_231\jre\classes" />
    <property name="reports.html.dir" value="C:\Users\BARRY\Workspaces\eclipse 2020-03 Workspace\AntOReilly\reports\html" />
    <property name="sun.desktop" value="windows" />
    <property name="java.vm.specification.vendor" value="Oracle Corporation" />
    <property name="ant.home" value="C:\Users\BARRY\Desktop\BarryStuff\Installed SW\apache-ant-1.10.9" />
    <property name="java.runtime.version" value="1.8.0_231-b11" />
    <property name="user.name" value="BARRY" />
    <property name="test.classes.dir" value="C:\Users\BARRY\Workspaces\eclipse 2020-03 Workspace\AntOReilly\build\test-classes" />
    <property name="build.dir" value="C:\Users\BARRY\Workspaces\eclipse 2020-03 Workspace\AntOReilly\build" />
    <property name="project-version" value="1.0" />
    <property name="user.language" value="en" />
    <property name="sun.boot.library.path" value="C:\Program Files\Java\jdk1.8.0_231\jre\bin" />
    <property name="reports.dir" value="C:\Users\BARRY\Workspaces\eclipse 2020-03 Workspace\AntOReilly\reports" />
    <property name="ant.project.default-target" value="package" />
    <property name="ant.project.name" value="tax-calculator" />
    <property name="java.version" value="1.8.0_231" />
    <property name="user.timezone" value="" />
    <property name="sun.arch.data.model" value="64" />
    <property name="java.endorsed.dirs" value="C:\Program Files\Java\jdk1.8.0_231\jre\lib\endorsed" />
    <property name="sun.cpu.isalist" value="amd64" />
    <property name="sun.jnu.encoding" value="Cp1252" />
    <property name="file.encoding.pkg" value="sun.io" />
    <property name="file.separator" value="\" />
    <property name="java.specification.name" value="Java Platform API Specification" />
    <property name="java.class.version" value="52.0" />
    <property name="build.classes.dir" value="C:\Users\BARRY\Workspaces\eclipse 2020-03 Workspace\AntOReilly\build\classes" />
    <property name="user.country" value="IE" />
    <property name="java.home" value="C:\Program Files\Java\jdk1.8.0_231\jre" />
    <property name="dist.dir" value="C:\Users\BARRY\Workspaces\eclipse 2020-03 Workspace\AntOReilly\dist" />
    <property name="java.vm.info" value="mixed mode" />
    <property name="ant.file" value="C:\Users\BARRY\Workspaces\eclipse 2020-03 Workspace\AntOReilly\build.xml" />
    <property name="os.version" value="6.3" />
    <property name="path.separator" value=";" />
    <property name="java.vm.version" value="25.231-b11" />
    <property name="user.variant" value="" />
    <property name="ant.library.dir" value="C:\Users\BARRY\Desktop\BarryStuff\Installed SW\apache-ant-1.10.9\lib" />
    <property name="java.awt.printerjob" value="sun.awt.windows.WPrinterJob" />
    <property name="sun.io.unicode.encoding" value="UnicodeLittle" />
    <property name="awt.toolkit" value="sun.awt.windows.WToolkit" />
    <property name="user.script" value="" />
    <property name="eclipse.pdebuild.scripts" value="C:\Users\BARRY\eclipse\java-2020-03\eclipse\..\..\..\.p2\pool\plugins\org.eclipse.pde.build_3.10.700.v20191228-1214\scripts" />
    <property name="user.home" value="C:\Users\BARRY" />
    <property name="java.specification.vendor" value="Oracle Corporation" />
    <property name="java.library.path" value="C:\Program Files\Java\jdk1.8.0_231\jre\bin;C:\windows\Sun\Java\bin;C:\windows\system32;C:\windows;C:/Progra~1/Java/jdk1.8.0_231/bin/../jre/bin/server;C:/Progra~1/Java/jdk1.8.0_231/bin/../jre/bin;C:/Progra~1/Java/jdk1.8.0_231/bin/../jre/lib/amd64;C:\Progra~1\Java\jdk1.8.0_231\bin;C:\Program Files (x86)\Common Files\Oracle\Java\javapath;C:\Program Files (x86)\Lenovo\FusionEngine;C:\Program Files (x86)\Intel\iCLS Client\;C:\Program Files\Intel\iCLS Client\;C:\windows\system32;C:\windows;C:\windows\System32\Wbem;C:\windows\System32\WindowsPowerShell\v1.0\;C:\Program Files\Intel\Intel(R) Management Engine Components\DAL;C:\Program Files\Intel\Intel(R) Management Engine Components\IPT;C:\Program Files (x86)\Intel\Intel(R) Management Engine Components\DAL;C:\Program Files (x86)\Intel\Intel(R) Management Engine Components\IPT;C:\Program Files\Intel\WiFi\bin\;C:\Program Files\Common Files\Intel\WirelessCommon\;C:\Program Files (x86)\Common Files\lenovo\easyplussdk\bin;C:\Program Files (x86)\Lenovo\Password Manager\;C:\cygwin64\bin;C:\Users\BARRY\apache-tomcat-8.5.46-windows-x64\apache-tomcat-8.5.46\bin;C:\Program Files\jEdit;C:\Program Files\PuTTY\;C:\Program Files\Git\cmd;C:\Users\BARRY\Desktop\BarryStuff\Installed SW\apache-ant-1.10.9\bin;C:\Users\BARRY\Desktop;;." />
    <property name="java.vendor.url" value="http://java.oracle.com/" />
    <property name="java.vm.vendor" value="Oracle Corporation" />
    <property name="java.runtime.name" value="Java(TM) SE Runtime Environment" />
    <property name="sun.java.command" value="org.apache.tools.ant.taskdefs.optional.junit.JUnitTestRunner com.javapowertools.taxcalculator.TaxCalculatorTest skipNonTests=false filtertrace=true haltOnError=false haltOnFailure=false formatter=org.apache.tools.ant.taskdefs.optional.junit.SummaryJUnitResultFormatter showoutput=false outputtoformatters=true logfailedtests=true threadid=0 logtestlistenerevents=false formatter=org.apache.tools.ant.taskdefs.optional.junit.PlainJUnitResultFormatter,C:\Users\BARRY\Workspaces\eclipse 2020-03 Workspace\AntOReilly\reports\xml\TEST-com.javapowertools.taxcalculator.TaxCalculatorTest.txt formatter=org.apache.tools.ant.taskdefs.optional.junit.BriefJUnitResultFormatter formatter=org.apache.tools.ant.taskdefs.optional.junit.XMLJUnitResultFormatter,C:\Users\BARRY\Workspaces\eclipse 2020-03 Workspace\AntOReilly\reports\xml\TEST-com.javapowertools.taxcalculator.TaxCalculatorTest.xml crashfile=C:\Users\BARRY\Workspaces\eclipse 2020-03 Workspace\AntOReilly\junitvmwatcher3619327459664376589.properties propsfile=C:\Users\BARRY\Workspaces\eclipse 2020-03 Workspace\AntOReilly\junit472105517984227844.properties" />
    <property name="java.class.path" value="C:\Users\BARRY\Workspaces\eclipse 2020-03 Workspace\AntOReilly\lib\commons-csv-1.6.jar;C:\Users\BARRY\Workspaces\eclipse 2020-03 Workspace\AntOReilly\build\classes;C:\Users\BARRY\Workspaces\External Jars\hamcrest-core-1.3.jar;C:\Users\BARRY\Workspaces\External Jars\junit-4.13.1.jar;C:\Users\BARRY\Workspaces\eclipse 2020-03 Workspace\AntOReilly\build\test-classes;C:\Users\BARRY\Desktop\BarryStuff\Installed SW\apache-ant-1.10.9\lib\ant-launcher.jar;C:\Users\BARRY\Desktop\BarryStuff\Installed SW\apache-ant-1.10.9\lib\ant.jar;C:\Users\BARRY\Desktop\BarryStuff\Installed SW\apache-ant-1.10.9\lib\ant-junit.jar;C:\Users\BARRY\Desktop\BarryStuff\Installed SW\apache-ant-1.10.9\lib\ant-junit4.jar" />
    <property name="ant.version" value="Apache Ant(TM) version 1.10.9 compiled on September 27 2020" />
    <property name="java.vm.specification.name" value="Java Virtual Machine Specification" />
    <property name="java.vm.specification.version" value="1.8" />
    <property name="sun.cpu.endian" value="little" />
    <property name="sun.os.patch.level" value="" />
    <property name="ant.file.tax-calculator" value="C:\Users\BARRY\Workspaces\eclipse 2020-03 Workspace\AntOReilly\build.xml" />
    <property name="eclipse.pdebuild.home" value="C:\Users\BARRY\eclipse\java-2020-03\eclipse\..\..\..\.p2\pool\plugins\org.eclipse.pde.build_3.10.700.v20191228-1214\." />
    <property name="java.io.tmpdir" value="C:\Users\BARRY\AppData\Local\Temp\" />
    <property name="java.vendor.url.bug" value="http://bugreport.sun.com/bugreport/" />
    <property name="reports.data.dir" value="C:\Users\BARRY\Workspaces\eclipse 2020-03 Workspace\AntOReilly\reports\xml" />
    <property name="reports.javadoc" value="C:\Users\BARRY\Workspaces\eclipse 2020-03 Workspace\AntOReilly\reports\javadoc" />
    <property name="os.arch" value="amd64" />
    <property name="java.awt.graphicsenv" value="sun.awt.Win32GraphicsEnvironment" />
    <property name="java.ext.dirs" value="C:\Program Files\Java\jdk1.8.0_231\jre\lib\ext;C:\windows\Sun\Java\lib\ext" />
    <property name="tests.dir" value="C:\Users\BARRY\Workspaces\eclipse 2020-03 Workspace\AntOReilly\test" />
    <property name="user.dir" value="C:\Users\BARRY\Workspaces\eclipse 2020-03 Workspace\AntOReilly" />
    <property name="line.separator" value="&#xd;&#xa;" />
    <property name="java.vm.name" value="Java HotSpot(TM) 64-Bit Server VM" />
    <property name="basedir" value="C:\Users\BARRY\Workspaces\eclipse 2020-03 Workspace\AntOReilly" />
    <property name="ant.java.version" value="1.8" />
    <property name="ant.file.type.tax-calculator" value="file" />
    <property name="ant.core.lib" value="C:\Users\BARRY\Desktop\BarryStuff\Installed SW\apache-ant-1.10.9\lib\ant.jar" />
    <property name="file.encoding" value="Cp1252" />
    <property name="build.jars.dir" value="C:\Users\BARRY\Workspaces\eclipse 2020-03 Workspace\AntOReilly\build\lib" />
    <property name="java.specification.version" value="1.8" />
    <property name="src.dir" value="C:\Users\BARRY\Workspaces\eclipse 2020-03 Workspace\AntOReilly\src" />
    <property name="ant.project.invoked-targets" value="test.report" />
    <property name="external.jar.dir" value="C:\Users\BARRY\Workspaces\External Jars" />
  </properties>
  <testcase classname="com.javapowertools.taxcalculator.TaxCalculatorTest" name="calculateTax[0]" time="0.037" />
  <testcase classname="com.javapowertools.taxcalculator.TaxCalculatorTest" name="calculateTax[1]" time="0.001" />
  <testcase classname="com.javapowertools.taxcalculator.TaxCalculatorTest" name="calculateTax[2]" time="0.001" />
  <testcase classname="com.javapowertools.taxcalculator.TaxCalculatorTest" name="calculateTax[3]" time="0.001" />
  <testcase classname="com.javapowertools.taxcalculator.TaxCalculatorTest" name="calculateTax[4]" time="0.0" />
  <testcase classname="com.javapowertools.taxcalculator.TaxCalculatorTest" name="calculateTax[5]" time="0.001" />
  <testcase classname="com.javapowertools.taxcalculator.TaxCalculatorTest" name="calculateTax[6]" time="0.0" />
  <testcase classname="com.javapowertools.taxcalculator.TaxCalculatorTest" name="calculateTax[7]" time="0.001" />
  <testcase classname="com.javapowertools.taxcalculator.TaxCalculatorTest" name="calculateTax[8]" time="0.001" />
  <testcase classname="com.javapowertools.taxcalculator.TaxCalculatorTest" name="calculateTax[9]" time="0.001" />
  <system-out><![CDATA[]]></system-out>
  <system-err><![CDATA[]]></system-err>
</testsuite>
